{"/home/jean/Documents/teste/ebytr-mern/frontend/src/App.js": {"path":"/home/jean/Documents/teste/ebytr-mern/frontend/src/App.js","statementMap":{"0":{"start":{"line":13,"column":1},"end":{"line":25,"column":3}}},"fnMap":{"0":{"name":"App","decl":{"start":{"line":12,"column":9},"end":{"line":12,"column":12}},"loc":{"start":{"line":12,"column":15},"end":{"line":26,"column":1}},"line":12}},"branchMap":{},"s":{"0":0},"f":{"0":0},"b":{}}
,"/home/jean/Documents/teste/ebytr-mern/frontend/src/renderWithRouter.js": {"path":"/home/jean/Documents/teste/ebytr-mern/frontend/src/renderWithRouter.js","statementMap":{"0":{"start":{"line":5,"column":25},"end":{"line":16,"column":1}},"1":{"start":{"line":12,"column":1},"end":{"line":15,"column":3}}},"fnMap":{"0":{"name":"(anonymous_0)","decl":{"start":{"line":5,"column":25},"end":{"line":5,"column":26}},"loc":{"start":{"line":11,"column":5},"end":{"line":16,"column":1}},"line":11}},"branchMap":{"0":{"loc":{"start":{"line":7,"column":1},"end":{"line":10,"column":7}},"type":"default-arg","locations":[{"start":{"line":10,"column":5},"end":{"line":10,"column":7}}],"line":7},"1":{"loc":{"start":{"line":8,"column":2},"end":{"line":8,"column":13}},"type":"default-arg","locations":[{"start":{"line":8,"column":10},"end":{"line":8,"column":13}}],"line":8},"2":{"loc":{"start":{"line":9,"column":2},"end":{"line":9,"column":60}},"type":"default-arg","locations":[{"start":{"line":9,"column":12},"end":{"line":9,"column":60}}],"line":9}},"s":{"0":3,"1":7},"f":{"0":7},"b":{"0":[0],"1":[0],"2":[7]},"_coverageSchema":"1a1c01bbd47fc00a2c39e90264f33305004495a9","hash":"8efd81c190d52d94b36d767914b7f8625534f258"}
,"/home/jean/Documents/teste/ebytr-mern/frontend/src/components/ButtonSort.jsx": {"path":"/home/jean/Documents/teste/ebytr-mern/frontend/src/components/ButtonSort.jsx","statementMap":{"0":{"start":{"line":12,"column":5},"end":{"line":12,"column":14}},"1":{"start":{"line":14,"column":1},"end":{"line":38,"column":3}},"2":{"start":{"line":19,"column":19},"end":{"line":19,"column":45}},"3":{"start":{"line":26,"column":19},"end":{"line":26,"column":41}},"4":{"start":{"line":33,"column":19},"end":{"line":33,"column":49}}},"fnMap":{"0":{"name":"ButtonSort","decl":{"start":{"line":4,"column":9},"end":{"line":4,"column":19}},"loc":{"start":{"line":4,"column":22},"end":{"line":39,"column":1}},"line":4},"1":{"name":"(anonymous_1)","decl":{"start":{"line":19,"column":13},"end":{"line":19,"column":14}},"loc":{"start":{"line":19,"column":19},"end":{"line":19,"column":45}},"line":19},"2":{"name":"(anonymous_2)","decl":{"start":{"line":26,"column":13},"end":{"line":26,"column":14}},"loc":{"start":{"line":26,"column":19},"end":{"line":26,"column":41}},"line":26},"3":{"name":"(anonymous_3)","decl":{"start":{"line":33,"column":13},"end":{"line":33,"column":14}},"loc":{"start":{"line":33,"column":19},"end":{"line":33,"column":49}},"line":33}},"branchMap":{},"s":{"0":0,"1":0,"2":0,"3":0,"4":0},"f":{"0":0,"1":0,"2":0,"3":0},"b":{}}
,"/home/jean/Documents/teste/ebytr-mern/frontend/src/components/Header.jsx": {"path":"/home/jean/Documents/teste/ebytr-mern/frontend/src/components/Header.jsx","statementMap":{"0":{"start":{"line":6,"column":15},"end":{"line":6,"column":44}},"1":{"start":{"line":8,"column":22},"end":{"line":10,"column":2}},"2":{"start":{"line":9,"column":2},"end":{"line":9,"column":35}},"3":{"start":{"line":12,"column":1},"end":{"line":30,"column":3}}},"fnMap":{"0":{"name":"Header","decl":{"start":{"line":5,"column":9},"end":{"line":5,"column":15}},"loc":{"start":{"line":5,"column":18},"end":{"line":31,"column":1}},"line":5},"1":{"name":"(anonymous_1)","decl":{"start":{"line":8,"column":22},"end":{"line":8,"column":23}},"loc":{"start":{"line":8,"column":28},"end":{"line":10,"column":2}},"line":8}},"branchMap":{"0":{"loc":{"start":{"line":19,"column":4},"end":{"line":28,"column":4}},"type":"cond-expr","locations":[{"start":{"line":20,"column":4},"end":{"line":23,"column":10}},{"start":{"line":25,"column":4},"end":{"line":27,"column":11}}],"line":19}},"s":{"0":16,"1":16,"2":0,"3":16},"f":{"0":16,"1":0},"b":{"0":[16,0]},"_coverageSchema":"1a1c01bbd47fc00a2c39e90264f33305004495a9","hash":"0f7e5d984fbff508e35e15ac0b3f7462a838030f"}
,"/home/jean/Documents/teste/ebytr-mern/frontend/src/components/InputTodo.jsx": {"path":"/home/jean/Documents/teste/ebytr-mern/frontend/src/components/InputTodo.jsx","statementMap":{"0":{"start":{"line":6,"column":25},"end":{"line":6,"column":43}},"1":{"start":{"line":8,"column":15},"end":{"line":8,"column":44}},"2":{"start":{"line":10,"column":22},"end":{"line":12,"column":2}},"3":{"start":{"line":11,"column":2},"end":{"line":11,"column":24}},"4":{"start":{"line":14,"column":22},"end":{"line":28,"column":2}},"5":{"start":{"line":15,"column":2},"end":{"line":27,"column":3}},"6":{"start":{"line":16,"column":3},"end":{"line":16,"column":22}},"7":{"start":{"line":17,"column":3},"end":{"line":23,"column":5}},"8":{"start":{"line":24,"column":3},"end":{"line":24,"column":24}},"9":{"start":{"line":26,"column":3},"end":{"line":26,"column":22}},"10":{"start":{"line":30,"column":1},"end":{"line":46,"column":3}}},"fnMap":{"0":{"name":"InputTodo","decl":{"start":{"line":5,"column":9},"end":{"line":5,"column":18}},"loc":{"start":{"line":5,"column":44},"end":{"line":47,"column":1}},"line":5},"1":{"name":"(anonymous_1)","decl":{"start":{"line":10,"column":22},"end":{"line":10,"column":23}},"loc":{"start":{"line":10,"column":38},"end":{"line":12,"column":2}},"line":10},"2":{"name":"(anonymous_2)","decl":{"start":{"line":14,"column":22},"end":{"line":14,"column":23}},"loc":{"start":{"line":14,"column":35},"end":{"line":28,"column":2}},"line":14}},"branchMap":{},"s":{"0":5,"1":5,"2":5,"3":4,"4":5,"5":1,"6":1,"7":1,"8":0,"9":0,"10":5},"f":{"0":5,"1":4,"2":1},"b":{},"_coverageSchema":"1a1c01bbd47fc00a2c39e90264f33305004495a9","hash":"3ec8e3d5e14c7ada614a486bc8f6fb4c48a34db1"}
,"/home/jean/Documents/teste/ebytr-mern/frontend/src/components/TodoCard.jsx": {"path":"/home/jean/Documents/teste/ebytr-mern/frontend/src/components/TodoCard.jsx","statementMap":{"0":{"start":{"line":8,"column":15},"end":{"line":8,"column":44}},"1":{"start":{"line":9,"column":29},"end":{"line":9,"column":50}},"2":{"start":{"line":10,"column":25},"end":{"line":10,"column":43}},"3":{"start":{"line":11,"column":29},"end":{"line":11,"column":47}},"4":{"start":{"line":13,"column":20},"end":{"line":16,"column":2}},"5":{"start":{"line":14,"column":2},"end":{"line":14,"column":21}},"6":{"start":{"line":15,"column":2},"end":{"line":15,"column":22}},"7":{"start":{"line":18,"column":22},"end":{"line":20,"column":2}},"8":{"start":{"line":19,"column":2},"end":{"line":19,"column":24}},"9":{"start":{"line":22,"column":18},"end":{"line":34,"column":2}},"10":{"start":{"line":23,"column":2},"end":{"line":33,"column":3}},"11":{"start":{"line":24,"column":3},"end":{"line":28,"column":5}},"12":{"start":{"line":29,"column":3},"end":{"line":29,"column":36}},"13":{"start":{"line":30,"column":3},"end":{"line":30,"column":22}},"14":{"start":{"line":32,"column":3},"end":{"line":32,"column":22}},"15":{"start":{"line":36,"column":20},"end":{"line":41,"column":2}},"16":{"start":{"line":37,"column":2},"end":{"line":39,"column":5}},"17":{"start":{"line":40,"column":2},"end":{"line":40,"column":35}},"18":{"start":{"line":43,"column":20},"end":{"line":54,"column":2}},"19":{"start":{"line":45,"column":2},"end":{"line":51,"column":3}},"20":{"start":{"line":46,"column":3},"end":{"line":46,"column":71}},"21":{"start":{"line":47,"column":9},"end":{"line":51,"column":3}},"22":{"start":{"line":48,"column":3},"end":{"line":48,"column":68}},"23":{"start":{"line":50,"column":3},"end":{"line":50,"column":70}},"24":{"start":{"line":52,"column":2},"end":{"line":52,"column":71}},"25":{"start":{"line":53,"column":2},"end":{"line":53,"column":35}},"26":{"start":{"line":56,"column":1},"end":{"line":73,"column":28}},"27":{"start":{"line":57,"column":25},"end":{"line":71,"column":3}},"28":{"start":{"line":58,"column":3},"end":{"line":70,"column":4}},"29":{"start":{"line":60,"column":5},"end":{"line":60,"column":27}},"30":{"start":{"line":61,"column":5},"end":{"line":61,"column":11}},"31":{"start":{"line":63,"column":5},"end":{"line":63,"column":31}},"32":{"start":{"line":64,"column":5},"end":{"line":64,"column":11}},"33":{"start":{"line":66,"column":5},"end":{"line":66,"column":24}},"34":{"start":{"line":67,"column":5},"end":{"line":67,"column":11}},"35":{"start":{"line":69,"column":5},"end":{"line":69,"column":40}},"36":{"start":{"line":72,"column":2},"end":{"line":72,"column":19}},"37":{"start":{"line":75,"column":1},"end":{"line":108,"column":3}}},"fnMap":{"0":{"name":"TodoCard","decl":{"start":{"line":7,"column":9},"end":{"line":7,"column":17}},"loc":{"start":{"line":7,"column":25},"end":{"line":109,"column":1}},"line":7},"1":{"name":"(anonymous_1)","decl":{"start":{"line":13,"column":20},"end":{"line":13,"column":21}},"loc":{"start":{"line":13,"column":26},"end":{"line":16,"column":2}},"line":13},"2":{"name":"(anonymous_2)","decl":{"start":{"line":18,"column":22},"end":{"line":18,"column":23}},"loc":{"start":{"line":18,"column":38},"end":{"line":20,"column":2}},"line":18},"3":{"name":"(anonymous_3)","decl":{"start":{"line":22,"column":18},"end":{"line":22,"column":19}},"loc":{"start":{"line":22,"column":30},"end":{"line":34,"column":2}},"line":22},"4":{"name":"(anonymous_4)","decl":{"start":{"line":36,"column":20},"end":{"line":36,"column":21}},"loc":{"start":{"line":36,"column":32},"end":{"line":41,"column":2}},"line":36},"5":{"name":"(anonymous_5)","decl":{"start":{"line":43,"column":20},"end":{"line":43,"column":21}},"loc":{"start":{"line":43,"column":32},"end":{"line":54,"column":2}},"line":43},"6":{"name":"(anonymous_6)","decl":{"start":{"line":56,"column":17},"end":{"line":56,"column":18}},"loc":{"start":{"line":56,"column":23},"end":{"line":73,"column":2}},"line":56},"7":{"name":"(anonymous_7)","decl":{"start":{"line":57,"column":25},"end":{"line":57,"column":26}},"loc":{"start":{"line":57,"column":31},"end":{"line":71,"column":3}},"line":57}},"branchMap":{"0":{"loc":{"start":{"line":45,"column":2},"end":{"line":51,"column":3}},"type":"if","locations":[{"start":{"line":45,"column":2},"end":{"line":51,"column":3}},{"start":{"line":45,"column":2},"end":{"line":51,"column":3}}],"line":45},"1":{"loc":{"start":{"line":47,"column":9},"end":{"line":51,"column":3}},"type":"if","locations":[{"start":{"line":47,"column":9},"end":{"line":51,"column":3}},{"start":{"line":47,"column":9},"end":{"line":51,"column":3}}],"line":47},"2":{"loc":{"start":{"line":58,"column":3},"end":{"line":70,"column":4}},"type":"switch","locations":[{"start":{"line":59,"column":4},"end":{"line":61,"column":11}},{"start":{"line":62,"column":4},"end":{"line":64,"column":11}},{"start":{"line":65,"column":4},"end":{"line":67,"column":11}},{"start":{"line":68,"column":4},"end":{"line":69,"column":40}}],"line":58},"3":{"loc":{"start":{"line":78,"column":4},"end":{"line":93,"column":4}},"type":"cond-expr","locations":[{"start":{"line":79,"column":4},"end":{"line":90,"column":10}},{"start":{"line":92,"column":4},"end":{"line":92,"column":23}}],"line":78}},"s":{"0":0,"1":0,"2":0,"3":0,"4":0,"5":0,"6":0,"7":0,"8":0,"9":0,"10":0,"11":0,"12":0,"13":0,"14":0,"15":0,"16":0,"17":0,"18":0,"19":0,"20":0,"21":0,"22":0,"23":0,"24":0,"25":0,"26":0,"27":0,"28":0,"29":0,"30":0,"31":0,"32":0,"33":0,"34":0,"35":0,"36":0,"37":0},"f":{"0":0,"1":0,"2":0,"3":0,"4":0,"5":0,"6":0,"7":0},"b":{"0":[0,0],"1":[0,0],"2":[0,0,0,0],"3":[0,0]}}
,"/home/jean/Documents/teste/ebytr-mern/frontend/src/contexts/TodoContext.js": {"path":"/home/jean/Documents/teste/ebytr-mern/frontend/src/contexts/TodoContext.js","statementMap":{"0":{"start":{"line":5,"column":20},"end":{"line":5,"column":41}},"1":{"start":{"line":8,"column":21},"end":{"line":8,"column":31}},"2":{"start":{"line":9,"column":27},"end":{"line":9,"column":47}},"3":{"start":{"line":10,"column":37},"end":{"line":10,"column":57}},"4":{"start":{"line":11,"column":31},"end":{"line":11,"column":52}},"5":{"start":{"line":12,"column":37},"end":{"line":12,"column":58}},"6":{"start":{"line":13,"column":33},"end":{"line":13,"column":54}},"7":{"start":{"line":14,"column":41},"end":{"line":14,"column":62}},"8":{"start":{"line":16,"column":1},"end":{"line":98,"column":59}},"9":{"start":{"line":17,"column":23},"end":{"line":96,"column":3}},"10":{"start":{"line":18,"column":18},"end":{"line":18,"column":69}},"11":{"start":{"line":19,"column":24},"end":{"line":21,"column":4}},"12":{"start":{"line":23,"column":3},"end":{"line":23,"column":25}},"13":{"start":{"line":24,"column":3},"end":{"line":24,"column":36}},"14":{"start":{"line":26,"column":24},"end":{"line":47,"column":4}},"15":{"start":{"line":27,"column":4},"end":{"line":46,"column":5}},"16":{"start":{"line":28,"column":29},"end":{"line":28,"column":73}},"17":{"start":{"line":28,"column":49},"end":{"line":28,"column":72}},"18":{"start":{"line":29,"column":32},"end":{"line":31,"column":6}},"19":{"start":{"line":30,"column":13},"end":{"line":30,"column":37}},"20":{"start":{"line":32,"column":26},"end":{"line":32,"column":68}},"21":{"start":{"line":32,"column":46},"end":{"line":32,"column":67}},"22":{"start":{"line":33,"column":28},"end":{"line":35,"column":6}},"23":{"start":{"line":36,"column":5},"end":{"line":40,"column":6}},"24":{"start":{"line":37,"column":6},"end":{"line":37,"column":29}},"25":{"start":{"line":38,"column":6},"end":{"line":38,"column":25}},"26":{"start":{"line":39,"column":6},"end":{"line":39,"column":31}},"27":{"start":{"line":41,"column":5},"end":{"line":45,"column":6}},"28":{"start":{"line":42,"column":6},"end":{"line":42,"column":29}},"29":{"start":{"line":43,"column":6},"end":{"line":43,"column":25}},"30":{"start":{"line":44,"column":6},"end":{"line":44,"column":36}},"31":{"start":{"line":49,"column":22},"end":{"line":65,"column":4}},"32":{"start":{"line":50,"column":4},"end":{"line":64,"column":5}},"33":{"start":{"line":51,"column":26},"end":{"line":53,"column":6}},"34":{"start":{"line":52,"column":16},"end":{"line":52,"column":65}},"35":{"start":{"line":54,"column":5},"end":{"line":58,"column":6}},"36":{"start":{"line":55,"column":6},"end":{"line":55,"column":29}},"37":{"start":{"line":56,"column":6},"end":{"line":56,"column":27}},"38":{"start":{"line":57,"column":6},"end":{"line":57,"column":40}},"39":{"start":{"line":59,"column":5},"end":{"line":63,"column":6}},"40":{"start":{"line":60,"column":6},"end":{"line":60,"column":29}},"41":{"start":{"line":61,"column":6},"end":{"line":61,"column":27}},"42":{"start":{"line":62,"column":6},"end":{"line":62,"column":45}},"43":{"start":{"line":67,"column":26},"end":{"line":85,"column":4}},"44":{"start":{"line":68,"column":4},"end":{"line":84,"column":5}},"45":{"start":{"line":69,"column":30},"end":{"line":73,"column":7}},"46":{"start":{"line":70,"column":14},"end":{"line":70,"column":34}},"47":{"start":{"line":71,"column":14},"end":{"line":71,"column":34}},"48":{"start":{"line":72,"column":6},"end":{"line":72,"column":42}},"49":{"start":{"line":74,"column":5},"end":{"line":78,"column":6}},"50":{"start":{"line":75,"column":6},"end":{"line":75,"column":25}},"51":{"start":{"line":76,"column":6},"end":{"line":76,"column":27}},"52":{"start":{"line":77,"column":6},"end":{"line":77,"column":44}},"53":{"start":{"line":79,"column":5},"end":{"line":83,"column":6}},"54":{"start":{"line":80,"column":6},"end":{"line":80,"column":25}},"55":{"start":{"line":81,"column":6},"end":{"line":81,"column":27}},"56":{"start":{"line":82,"column":6},"end":{"line":82,"column":49}},"57":{"start":{"line":86,"column":3},"end":{"line":95,"column":4}},"58":{"start":{"line":87,"column":4},"end":{"line":87,"column":28}},"59":{"start":{"line":88,"column":4},"end":{"line":88,"column":40}},"60":{"start":{"line":90,"column":4},"end":{"line":90,"column":32}},"61":{"start":{"line":91,"column":4},"end":{"line":91,"column":44}},"62":{"start":{"line":93,"column":4},"end":{"line":93,"column":30}},"63":{"start":{"line":94,"column":4},"end":{"line":94,"column":42}},"64":{"start":{"line":97,"column":2},"end":{"line":97,"column":17}},"65":{"start":{"line":100,"column":1},"end":{"line":117,"column":3}},"66":{"start":{"line":120,"column":23},"end":{"line":120,"column":58}},"67":{"start":{"line":120,"column":29},"end":{"line":120,"column":58}}},"fnMap":{"0":{"name":"TodoProvider","decl":{"start":{"line":7,"column":16},"end":{"line":7,"column":28}},"loc":{"start":{"line":7,"column":43},"end":{"line":118,"column":1}},"line":7},"1":{"name":"(anonymous_1)","decl":{"start":{"line":16,"column":17},"end":{"line":16,"column":18}},"loc":{"start":{"line":16,"column":23},"end":{"line":98,"column":2}},"line":16},"2":{"name":"(anonymous_2)","decl":{"start":{"line":17,"column":23},"end":{"line":17,"column":24}},"loc":{"start":{"line":17,"column":35},"end":{"line":96,"column":3}},"line":17},"3":{"name":"(anonymous_3)","decl":{"start":{"line":26,"column":24},"end":{"line":26,"column":25}},"loc":{"start":{"line":26,"column":47},"end":{"line":47,"column":4}},"line":26},"4":{"name":"(anonymous_4)","decl":{"start":{"line":28,"column":42},"end":{"line":28,"column":43}},"loc":{"start":{"line":28,"column":49},"end":{"line":28,"column":72}},"line":28},"5":{"name":"(anonymous_5)","decl":{"start":{"line":30,"column":6},"end":{"line":30,"column":7}},"loc":{"start":{"line":30,"column":13},"end":{"line":30,"column":37}},"line":30},"6":{"name":"(anonymous_6)","decl":{"start":{"line":32,"column":39},"end":{"line":32,"column":40}},"loc":{"start":{"line":32,"column":46},"end":{"line":32,"column":67}},"line":32},"7":{"name":"(anonymous_7)","decl":{"start":{"line":49,"column":22},"end":{"line":49,"column":23}},"loc":{"start":{"line":49,"column":45},"end":{"line":65,"column":4}},"line":49},"8":{"name":"(anonymous_8)","decl":{"start":{"line":52,"column":6},"end":{"line":52,"column":7}},"loc":{"start":{"line":52,"column":16},"end":{"line":52,"column":65}},"line":52},"9":{"name":"(anonymous_9)","decl":{"start":{"line":67,"column":26},"end":{"line":67,"column":27}},"loc":{"start":{"line":67,"column":49},"end":{"line":85,"column":4}},"line":67},"10":{"name":"(anonymous_10)","decl":{"start":{"line":69,"column":41},"end":{"line":69,"column":42}},"loc":{"start":{"line":69,"column":51},"end":{"line":73,"column":6}},"line":69},"11":{"name":"(anonymous_11)","decl":{"start":{"line":120,"column":23},"end":{"line":120,"column":24}},"loc":{"start":{"line":120,"column":29},"end":{"line":120,"column":58}},"line":120}},"branchMap":{"0":{"loc":{"start":{"line":27,"column":4},"end":{"line":46,"column":5}},"type":"if","locations":[{"start":{"line":27,"column":4},"end":{"line":46,"column":5}},{"start":{"line":27,"column":4},"end":{"line":46,"column":5}}],"line":27},"1":{"loc":{"start":{"line":36,"column":5},"end":{"line":40,"column":6}},"type":"if","locations":[{"start":{"line":36,"column":5},"end":{"line":40,"column":6}},{"start":{"line":36,"column":5},"end":{"line":40,"column":6}}],"line":36},"2":{"loc":{"start":{"line":36,"column":9},"end":{"line":36,"column":30}},"type":"binary-expr","locations":[{"start":{"line":36,"column":9},"end":{"line":36,"column":19}},{"start":{"line":36,"column":23},"end":{"line":36,"column":30}}],"line":36},"3":{"loc":{"start":{"line":41,"column":5},"end":{"line":45,"column":6}},"type":"if","locations":[{"start":{"line":41,"column":5},"end":{"line":45,"column":6}},{"start":{"line":41,"column":5},"end":{"line":45,"column":6}}],"line":41},"4":{"loc":{"start":{"line":41,"column":9},"end":{"line":41,"column":29}},"type":"binary-expr","locations":[{"start":{"line":41,"column":9},"end":{"line":41,"column":19}},{"start":{"line":41,"column":23},"end":{"line":41,"column":29}}],"line":41},"5":{"loc":{"start":{"line":50,"column":4},"end":{"line":64,"column":5}},"type":"if","locations":[{"start":{"line":50,"column":4},"end":{"line":64,"column":5}},{"start":{"line":50,"column":4},"end":{"line":64,"column":5}}],"line":50},"6":{"loc":{"start":{"line":54,"column":5},"end":{"line":58,"column":6}},"type":"if","locations":[{"start":{"line":54,"column":5},"end":{"line":58,"column":6}},{"start":{"line":54,"column":5},"end":{"line":58,"column":6}}],"line":54},"7":{"loc":{"start":{"line":54,"column":9},"end":{"line":54,"column":28}},"type":"binary-expr","locations":[{"start":{"line":54,"column":9},"end":{"line":54,"column":17}},{"start":{"line":54,"column":21},"end":{"line":54,"column":28}}],"line":54},"8":{"loc":{"start":{"line":59,"column":5},"end":{"line":63,"column":6}},"type":"if","locations":[{"start":{"line":59,"column":5},"end":{"line":63,"column":6}},{"start":{"line":59,"column":5},"end":{"line":63,"column":6}}],"line":59},"9":{"loc":{"start":{"line":59,"column":9},"end":{"line":59,"column":27}},"type":"binary-expr","locations":[{"start":{"line":59,"column":9},"end":{"line":59,"column":17}},{"start":{"line":59,"column":21},"end":{"line":59,"column":27}}],"line":59},"10":{"loc":{"start":{"line":68,"column":4},"end":{"line":84,"column":5}},"type":"if","locations":[{"start":{"line":68,"column":4},"end":{"line":84,"column":5}},{"start":{"line":68,"column":4},"end":{"line":84,"column":5}}],"line":68},"11":{"loc":{"start":{"line":72,"column":13},"end":{"line":72,"column":41}},"type":"cond-expr","locations":[{"start":{"line":72,"column":23},"end":{"line":72,"column":24}},{"start":{"line":72,"column":27},"end":{"line":72,"column":41}}],"line":72},"12":{"loc":{"start":{"line":72,"column":27},"end":{"line":72,"column":41}},"type":"cond-expr","locations":[{"start":{"line":72,"column":35},"end":{"line":72,"column":36}},{"start":{"line":72,"column":39},"end":{"line":72,"column":41}}],"line":72},"13":{"loc":{"start":{"line":74,"column":5},"end":{"line":78,"column":6}},"type":"if","locations":[{"start":{"line":74,"column":5},"end":{"line":78,"column":6}},{"start":{"line":74,"column":5},"end":{"line":78,"column":6}}],"line":74},"14":{"loc":{"start":{"line":74,"column":9},"end":{"line":74,"column":32}},"type":"binary-expr","locations":[{"start":{"line":74,"column":9},"end":{"line":74,"column":21}},{"start":{"line":74,"column":25},"end":{"line":74,"column":32}}],"line":74},"15":{"loc":{"start":{"line":79,"column":5},"end":{"line":83,"column":6}},"type":"if","locations":[{"start":{"line":79,"column":5},"end":{"line":83,"column":6}},{"start":{"line":79,"column":5},"end":{"line":83,"column":6}}],"line":79},"16":{"loc":{"start":{"line":79,"column":9},"end":{"line":79,"column":31}},"type":"binary-expr","locations":[{"start":{"line":79,"column":9},"end":{"line":79,"column":21}},{"start":{"line":79,"column":25},"end":{"line":79,"column":31}}],"line":79},"17":{"loc":{"start":{"line":86,"column":3},"end":{"line":95,"column":4}},"type":"if","locations":[{"start":{"line":86,"column":3},"end":{"line":95,"column":4}},{"start":{"line":86,"column":3},"end":{"line":95,"column":4}}],"line":86},"18":{"loc":{"start":{"line":86,"column":7},"end":{"line":86,"column":45}},"type":"binary-expr","locations":[{"start":{"line":86,"column":7},"end":{"line":86,"column":19}},{"start":{"line":86,"column":23},"end":{"line":86,"column":31}},{"start":{"line":86,"column":35},"end":{"line":86,"column":45}}],"line":86}},"s":{"0":0,"1":0,"2":0,"3":0,"4":0,"5":0,"6":0,"7":0,"8":0,"9":0,"10":0,"11":0,"12":0,"13":0,"14":0,"15":0,"16":0,"17":0,"18":0,"19":0,"20":0,"21":0,"22":0,"23":0,"24":0,"25":0,"26":0,"27":0,"28":0,"29":0,"30":0,"31":0,"32":0,"33":0,"34":0,"35":0,"36":0,"37":0,"38":0,"39":0,"40":0,"41":0,"42":0,"43":0,"44":0,"45":0,"46":0,"47":0,"48":0,"49":0,"50":0,"51":0,"52":0,"53":0,"54":0,"55":0,"56":0,"57":0,"58":0,"59":0,"60":0,"61":0,"62":0,"63":0,"64":0,"65":0,"66":0,"67":0},"f":{"0":0,"1":0,"2":0,"3":0,"4":0,"5":0,"6":0,"7":0,"8":0,"9":0,"10":0,"11":0},"b":{"0":[0,0],"1":[0,0],"2":[0,0],"3":[0,0],"4":[0,0],"5":[0,0],"6":[0,0],"7":[0,0],"8":[0,0],"9":[0,0],"10":[0,0],"11":[0,0],"12":[0,0],"13":[0,0],"14":[0,0],"15":[0,0],"16":[0,0],"17":[0,0],"18":[0,0,0]}}
,"/home/jean/Documents/teste/ebytr-mern/frontend/src/contexts/TokenContext.js": {"path":"/home/jean/Documents/teste/ebytr-mern/frontend/src/contexts/TokenContext.js","statementMap":{"0":{"start":{"line":4,"column":21},"end":{"line":4,"column":42}},"1":{"start":{"line":7,"column":15},"end":{"line":7,"column":44}},"2":{"start":{"line":8,"column":26},"end":{"line":8,"column":39}},"3":{"start":{"line":9,"column":31},"end":{"line":9,"column":59}},"4":{"start":{"line":11,"column":1},"end":{"line":15,"column":27}},"5":{"start":{"line":12,"column":2},"end":{"line":14,"column":3}},"6":{"start":{"line":13,"column":3},"end":{"line":13,"column":28}},"7":{"start":{"line":17,"column":1},"end":{"line":21,"column":3}},"8":{"start":{"line":24,"column":24},"end":{"line":24,"column":60}},"9":{"start":{"line":24,"column":30},"end":{"line":24,"column":60}}},"fnMap":{"0":{"name":"TokenProvider","decl":{"start":{"line":6,"column":16},"end":{"line":6,"column":29}},"loc":{"start":{"line":6,"column":44},"end":{"line":22,"column":1}},"line":6},"1":{"name":"(anonymous_1)","decl":{"start":{"line":11,"column":17},"end":{"line":11,"column":18}},"loc":{"start":{"line":11,"column":23},"end":{"line":15,"column":2}},"line":11},"2":{"name":"(anonymous_2)","decl":{"start":{"line":24,"column":24},"end":{"line":24,"column":25}},"loc":{"start":{"line":24,"column":30},"end":{"line":24,"column":60}},"line":24}},"branchMap":{"0":{"loc":{"start":{"line":12,"column":2},"end":{"line":14,"column":3}},"type":"if","locations":[{"start":{"line":12,"column":2},"end":{"line":14,"column":3}},{"start":{"line":12,"column":2},"end":{"line":14,"column":3}}],"line":12},"1":{"loc":{"start":{"line":12,"column":6},"end":{"line":12,"column":27}},"type":"binary-expr","locations":[{"start":{"line":12,"column":6},"end":{"line":12,"column":11}},{"start":{"line":12,"column":15},"end":{"line":12,"column":27}}],"line":12}},"s":{"0":0,"1":0,"2":0,"3":0,"4":0,"5":0,"6":0,"7":0,"8":0,"9":0},"f":{"0":0,"1":0,"2":0},"b":{"0":[0,0],"1":[0,0]}}
,"/home/jean/Documents/teste/ebytr-mern/frontend/src/pages/AllTodos.jsx": {"path":"/home/jean/Documents/teste/ebytr-mern/frontend/src/pages/AllTodos.jsx","statementMap":{"0":{"start":{"line":9,"column":15},"end":{"line":9,"column":44}},"1":{"start":{"line":10,"column":40},"end":{"line":10,"column":49}},"2":{"start":{"line":12,"column":1},"end":{"line":44,"column":3}},"3":{"start":{"line":29,"column":7},"end":{"line":38,"column":9}}},"fnMap":{"0":{"name":"AllTodos","decl":{"start":{"line":8,"column":9},"end":{"line":8,"column":17}},"loc":{"start":{"line":8,"column":20},"end":{"line":45,"column":1}},"line":8},"1":{"name":"(anonymous_1)","decl":{"start":{"line":28,"column":23},"end":{"line":28,"column":24}},"loc":{"start":{"line":29,"column":7},"end":{"line":38,"column":9}},"line":29}},"branchMap":{"0":{"loc":{"start":{"line":15,"column":4},"end":{"line":42,"column":4}},"type":"cond-expr","locations":[{"start":{"line":16,"column":4},"end":{"line":21,"column":10}},{"start":{"line":22,"column":7},"end":{"line":42,"column":4}}],"line":15},"1":{"loc":{"start":{"line":22,"column":7},"end":{"line":42,"column":4}},"type":"cond-expr","locations":[{"start":{"line":23,"column":4},"end":{"line":23,"column":53}},{"start":{"line":25,"column":4},"end":{"line":41,"column":10}}],"line":22}},"s":{"0":0,"1":0,"2":0,"3":0},"f":{"0":0,"1":0},"b":{"0":[0,0],"1":[0,0]}}
,"/home/jean/Documents/teste/ebytr-mern/frontend/src/pages/Home.jsx": {"path":"/home/jean/Documents/teste/ebytr-mern/frontend/src/pages/Home.jsx","statementMap":{"0":{"start":{"line":11,"column":15},"end":{"line":11,"column":44}},"1":{"start":{"line":12,"column":45},"end":{"line":12,"column":54}},"2":{"start":{"line":14,"column":1},"end":{"line":52,"column":3}},"3":{"start":{"line":32,"column":7},"end":{"line":41,"column":9}}},"fnMap":{"0":{"name":"Home","decl":{"start":{"line":10,"column":9},"end":{"line":10,"column":13}},"loc":{"start":{"line":10,"column":16},"end":{"line":53,"column":1}},"line":10},"1":{"name":"(anonymous_1)","decl":{"start":{"line":31,"column":28},"end":{"line":31,"column":29}},"loc":{"start":{"line":32,"column":7},"end":{"line":41,"column":9}},"line":32}},"branchMap":{"0":{"loc":{"start":{"line":17,"column":4},"end":{"line":50,"column":4}},"type":"cond-expr","locations":[{"start":{"line":18,"column":4},"end":{"line":23,"column":10}},{"start":{"line":24,"column":7},"end":{"line":50,"column":4}}],"line":17},"1":{"loc":{"start":{"line":24,"column":7},"end":{"line":50,"column":4}},"type":"cond-expr","locations":[{"start":{"line":25,"column":4},"end":{"line":25,"column":56}},{"start":{"line":26,"column":7},"end":{"line":50,"column":4}}],"line":24},"2":{"loc":{"start":{"line":26,"column":7},"end":{"line":50,"column":4}},"type":"cond-expr","locations":[{"start":{"line":27,"column":4},"end":{"line":44,"column":10}},{"start":{"line":46,"column":4},"end":{"line":49,"column":10}}],"line":26}},"s":{"0":0,"1":0,"2":0,"3":0},"f":{"0":0,"1":0},"b":{"0":[0,0],"1":[0,0],"2":[0,0]}}
,"/home/jean/Documents/teste/ebytr-mern/frontend/src/pages/Login.jsx": {"path":"/home/jean/Documents/teste/ebytr-mern/frontend/src/pages/Login.jsx","statementMap":{"0":{"start":{"line":8,"column":25},"end":{"line":8,"column":68}},"1":{"start":{"line":9,"column":29},"end":{"line":9,"column":50}},"2":{"start":{"line":10,"column":15},"end":{"line":10,"column":44}},"3":{"start":{"line":12,"column":22},"end":{"line":15,"column":2}},"4":{"start":{"line":13,"column":26},"end":{"line":13,"column":32}},"5":{"start":{"line":14,"column":2},"end":{"line":14,"column":38}},"6":{"start":{"line":17,"column":22},"end":{"line":28,"column":2}},"7":{"start":{"line":18,"column":2},"end":{"line":27,"column":3}},"8":{"start":{"line":19,"column":3},"end":{"line":19,"column":22}},"9":{"start":{"line":20,"column":18},"end":{"line":23,"column":4}},"10":{"start":{"line":24,"column":3},"end":{"line":24,"column":52}},"11":{"start":{"line":26,"column":3},"end":{"line":26,"column":24}},"12":{"start":{"line":30,"column":1},"end":{"line":65,"column":3}}},"fnMap":{"0":{"name":"Login","decl":{"start":{"line":7,"column":9},"end":{"line":7,"column":14}},"loc":{"start":{"line":7,"column":17},"end":{"line":66,"column":1}},"line":7},"1":{"name":"(anonymous_1)","decl":{"start":{"line":12,"column":22},"end":{"line":12,"column":23}},"loc":{"start":{"line":12,"column":38},"end":{"line":15,"column":2}},"line":12},"2":{"name":"(anonymous_2)","decl":{"start":{"line":17,"column":22},"end":{"line":17,"column":23}},"loc":{"start":{"line":17,"column":35},"end":{"line":28,"column":2}},"line":17}},"branchMap":{"0":{"loc":{"start":{"line":56,"column":6},"end":{"line":57,"column":60}},"type":"binary-expr","locations":[{"start":{"line":56,"column":6},"end":{"line":56,"column":26}},{"start":{"line":57,"column":6},"end":{"line":57,"column":60}}],"line":56},"1":{"loc":{"start":{"line":61,"column":6},"end":{"line":61,"column":34}},"type":"binary-expr","locations":[{"start":{"line":61,"column":6},"end":{"line":61,"column":11}},{"start":{"line":61,"column":15},"end":{"line":61,"column":34}}],"line":61}},"s":{"0":8,"1":8,"2":8,"3":8,"4":4,"5":4,"6":8,"7":1,"8":1,"9":1,"10":0,"11":1,"12":8},"f":{"0":8,"1":4,"2":1},"b":{"0":[8,1],"1":[8,0]},"_coverageSchema":"1a1c01bbd47fc00a2c39e90264f33305004495a9","hash":"7a11592fa471745072c2a44e1395c51340ce7cc7"}
,"/home/jean/Documents/teste/ebytr-mern/frontend/src/pages/Register.jsx": {"path":"/home/jean/Documents/teste/ebytr-mern/frontend/src/pages/Register.jsx","statementMap":{"0":{"start":{"line":8,"column":25},"end":{"line":8,"column":78}},"1":{"start":{"line":9,"column":37},"end":{"line":9,"column":58}},"2":{"start":{"line":10,"column":15},"end":{"line":10,"column":44}},"3":{"start":{"line":12,"column":22},"end":{"line":15,"column":2}},"4":{"start":{"line":13,"column":26},"end":{"line":13,"column":32}},"5":{"start":{"line":14,"column":2},"end":{"line":14,"column":38}},"6":{"start":{"line":17,"column":22},"end":{"line":26,"column":2}},"7":{"start":{"line":18,"column":2},"end":{"line":25,"column":3}},"8":{"start":{"line":19,"column":3},"end":{"line":19,"column":22}},"9":{"start":{"line":20,"column":3},"end":{"line":20,"column":70}},"10":{"start":{"line":21,"column":3},"end":{"line":21,"column":37}},"11":{"start":{"line":22,"column":3},"end":{"line":22,"column":31}},"12":{"start":{"line":24,"column":3},"end":{"line":24,"column":28}},"13":{"start":{"line":28,"column":1},"end":{"line":74,"column":3}}},"fnMap":{"0":{"name":"Register","decl":{"start":{"line":7,"column":9},"end":{"line":7,"column":17}},"loc":{"start":{"line":7,"column":20},"end":{"line":75,"column":1}},"line":7},"1":{"name":"(anonymous_1)","decl":{"start":{"line":12,"column":22},"end":{"line":12,"column":23}},"loc":{"start":{"line":12,"column":38},"end":{"line":15,"column":2}},"line":12},"2":{"name":"(anonymous_2)","decl":{"start":{"line":17,"column":22},"end":{"line":17,"column":23}},"loc":{"start":{"line":17,"column":35},"end":{"line":26,"column":2}},"line":17}},"branchMap":{"0":{"loc":{"start":{"line":63,"column":6},"end":{"line":65,"column":6}},"type":"binary-expr","locations":[{"start":{"line":63,"column":6},"end":{"line":63,"column":30}},{"start":{"line":64,"column":6},"end":{"line":64,"column":64}}],"line":63},"1":{"loc":{"start":{"line":69,"column":6},"end":{"line":69,"column":61}},"type":"binary-expr","locations":[{"start":{"line":69,"column":6},"end":{"line":69,"column":33}},{"start":{"line":69,"column":37},"end":{"line":69,"column":61}}],"line":69},"2":{"loc":{"start":{"line":70,"column":6},"end":{"line":70,"column":34}},"type":"binary-expr","locations":[{"start":{"line":70,"column":6},"end":{"line":70,"column":11}},{"start":{"line":70,"column":15},"end":{"line":70,"column":34}}],"line":70}},"s":{"0":8,"1":8,"2":8,"3":8,"4":4,"5":4,"6":8,"7":1,"8":1,"9":1,"10":0,"11":0,"12":1,"13":8},"f":{"0":8,"1":4,"2":1},"b":{"0":[8,1],"1":[8,0],"2":[8,0]},"_coverageSchema":"1a1c01bbd47fc00a2c39e90264f33305004495a9","hash":"39bea5dc12e53ab426a3802cf60dc7b1baf2efab"}
,"/home/jean/Documents/teste/ebytr-mern/frontend/src/pages/TodoByName.jsx": {"path":"/home/jean/Documents/teste/ebytr-mern/frontend/src/pages/TodoByName.jsx","statementMap":{"0":{"start":{"line":10,"column":15},"end":{"line":10,"column":44}},"1":{"start":{"line":11,"column":25},"end":{"line":11,"column":43}},"2":{"start":{"line":12,"column":25},"end":{"line":12,"column":45}},"3":{"start":{"line":13,"column":33},"end":{"line":13,"column":42}},"4":{"start":{"line":15,"column":22},"end":{"line":18,"column":2}},"5":{"start":{"line":16,"column":20},"end":{"line":16,"column":26}},"6":{"start":{"line":17,"column":2},"end":{"line":17,"column":17}},"7":{"start":{"line":20,"column":22},"end":{"line":26,"column":2}},"8":{"start":{"line":21,"column":2},"end":{"line":21,"column":21}},"9":{"start":{"line":22,"column":23},"end":{"line":24,"column":3}},"10":{"start":{"line":25,"column":2},"end":{"line":25,"column":29}},"11":{"start":{"line":28,"column":1},"end":{"line":76,"column":3}},"12":{"start":{"line":59,"column":7},"end":{"line":68,"column":9}}},"fnMap":{"0":{"name":"TodoByName","decl":{"start":{"line":9,"column":9},"end":{"line":9,"column":19}},"loc":{"start":{"line":9,"column":22},"end":{"line":77,"column":1}},"line":9},"1":{"name":"(anonymous_1)","decl":{"start":{"line":15,"column":22},"end":{"line":15,"column":23}},"loc":{"start":{"line":15,"column":38},"end":{"line":18,"column":2}},"line":15},"2":{"name":"(anonymous_2)","decl":{"start":{"line":20,"column":22},"end":{"line":20,"column":23}},"loc":{"start":{"line":20,"column":35},"end":{"line":26,"column":2}},"line":20},"3":{"name":"(anonymous_3)","decl":{"start":{"line":58,"column":22},"end":{"line":58,"column":23}},"loc":{"start":{"line":59,"column":7},"end":{"line":68,"column":9}},"line":59}},"branchMap":{"0":{"loc":{"start":{"line":46,"column":4},"end":{"line":74,"column":4}},"type":"cond-expr","locations":[{"start":{"line":47,"column":4},"end":{"line":52,"column":10}},{"start":{"line":53,"column":7},"end":{"line":74,"column":4}}],"line":46},"1":{"loc":{"start":{"line":53,"column":7},"end":{"line":74,"column":4}},"type":"cond-expr","locations":[{"start":{"line":54,"column":4},"end":{"line":54,"column":69}},{"start":{"line":55,"column":7},"end":{"line":74,"column":4}}],"line":53},"2":{"loc":{"start":{"line":55,"column":7},"end":{"line":74,"column":4}},"type":"cond-expr","locations":[{"start":{"line":56,"column":4},"end":{"line":71,"column":10}},{"start":{"line":73,"column":4},"end":{"line":73,"column":63}}],"line":55}},"s":{"0":0,"1":0,"2":0,"3":0,"4":0,"5":0,"6":0,"7":0,"8":0,"9":0,"10":0,"11":0,"12":0},"f":{"0":0,"1":0,"2":0,"3":0},"b":{"0":[0,0],"1":[0,0],"2":[0,0]}}
}
