TN:
SF:src/App.js
FN:12,App
FNF:1
FNH:1
FNDA:4,App
DA:13,4
LF:1
LH:1
BRF:0
BRH:0
end_of_record
TN:
SF:src/renderWithRouter.js
FN:5,(anonymous_0)
FNF:1
FNH:1
FNDA:8,(anonymous_0)
DA:5,4
DA:12,8
LF:2
LH:2
BRDA:7,0,0,0
BRDA:8,1,0,0
BRDA:9,2,0,8
BRF:3
BRH:1
end_of_record
TN:
SF:src/components/ButtonSort.jsx
FN:4,ButtonSort
FN:19,(anonymous_1)
FN:26,(anonymous_2)
FN:33,(anonymous_3)
FNF:4
FNH:1
FNDA:2,ButtonSort
FNDA:0,(anonymous_1)
FNDA:0,(anonymous_2)
FNDA:0,(anonymous_3)
DA:12,2
DA:14,2
DA:19,0
DA:26,0
DA:33,0
LF:5
LH:2
BRF:0
BRH:0
end_of_record
TN:
SF:src/components/Header.jsx
FN:5,Header
FN:8,(anonymous_1)
FNF:2
FNH:1
FNDA:28,Header
FNDA:0,(anonymous_1)
DA:6,28
DA:8,28
DA:9,0
DA:12,28
LF:4
LH:3
BRDA:19,0,0,18
BRDA:19,0,1,10
BRF:2
BRH:2
end_of_record
TN:
SF:src/components/InputTodo.jsx
FN:5,InputTodo
FN:10,(anonymous_1)
FN:14,(anonymous_2)
FNF:3
FNH:3
FNDA:8,InputTodo
FNDA:4,(anonymous_1)
FNDA:1,(anonymous_2)
DA:6,8
DA:8,8
DA:10,8
DA:11,4
DA:14,8
DA:15,1
DA:16,1
DA:17,1
DA:24,0
DA:26,0
DA:30,8
LF:11
LH:9
BRF:0
BRH:0
end_of_record
TN:
SF:src/components/TodoCard.jsx
FN:7,TodoCard
FN:13,(anonymous_1)
FN:18,(anonymous_2)
FN:22,(anonymous_3)
FN:36,(anonymous_4)
FN:43,(anonymous_5)
FN:56,(anonymous_6)
FN:57,(anonymous_7)
FNF:8
FNH:3
FNDA:24,TodoCard
FNDA:0,(anonymous_1)
FNDA:0,(anonymous_2)
FNDA:0,(anonymous_3)
FNDA:0,(anonymous_4)
FNDA:0,(anonymous_5)
FNDA:12,(anonymous_6)
FNDA:12,(anonymous_7)
DA:8,24
DA:9,24
DA:10,24
DA:11,24
DA:13,24
DA:14,0
DA:15,0
DA:18,24
DA:19,0
DA:22,24
DA:23,0
DA:24,0
DA:29,0
DA:30,0
DA:32,0
DA:36,24
DA:37,0
DA:40,0
DA:43,24
DA:45,0
DA:46,0
DA:47,0
DA:48,0
DA:50,0
DA:52,0
DA:53,0
DA:56,24
DA:57,12
DA:58,12
DA:60,2
DA:61,2
DA:63,6
DA:64,6
DA:66,4
DA:67,4
DA:69,0
DA:72,12
DA:75,24
LF:38
LH:20
BRDA:45,0,0,0
BRDA:45,0,1,0
BRDA:47,1,0,0
BRDA:47,1,1,0
BRDA:58,2,0,2
BRDA:58,2,1,6
BRDA:58,2,2,4
BRDA:58,2,3,0
BRDA:78,3,0,0
BRDA:78,3,1,24
BRF:10
BRH:4
end_of_record
TN:
SF:src/contexts/TodoContext.js
FN:7,TodoProvider
FN:16,(anonymous_1)
FN:17,(anonymous_2)
FN:26,(anonymous_3)
FN:28,(anonymous_4)
FN:30,(anonymous_5)
FN:32,(anonymous_6)
FN:49,(anonymous_7)
FN:52,(anonymous_8)
FN:67,(anonymous_9)
FN:69,(anonymous_10)
FN:120,(anonymous_11)
FNF:12
FNH:4
FNDA:12,TodoProvider
FNDA:5,(anonymous_1)
FNDA:5,(anonymous_2)
FNDA:0,(anonymous_3)
FNDA:0,(anonymous_4)
FNDA:0,(anonymous_5)
FNDA:0,(anonymous_6)
FNDA:0,(anonymous_7)
FNDA:0,(anonymous_8)
FNDA:0,(anonymous_9)
FNDA:0,(anonymous_10)
FNDA:14,(anonymous_11)
DA:5,1
DA:8,12
DA:9,12
DA:10,12
DA:11,12
DA:12,12
DA:13,12
DA:14,12
DA:16,12
DA:17,5
DA:18,5
DA:19,5
DA:23,5
DA:24,5
DA:26,5
DA:27,0
DA:28,0
DA:29,0
DA:30,0
DA:32,0
DA:33,0
DA:36,0
DA:37,0
DA:38,0
DA:39,0
DA:41,0
DA:42,0
DA:43,0
DA:44,0
DA:49,5
DA:50,0
DA:51,0
DA:52,0
DA:54,0
DA:55,0
DA:56,0
DA:57,0
DA:59,0
DA:60,0
DA:61,0
DA:62,0
DA:67,5
DA:68,0
DA:69,0
DA:70,0
DA:71,0
DA:72,0
DA:74,0
DA:75,0
DA:76,0
DA:77,0
DA:79,0
DA:80,0
DA:81,0
DA:82,0
DA:86,5
DA:87,0
DA:88,0
DA:90,0
DA:91,0
DA:93,0
DA:94,0
DA:97,5
DA:100,12
DA:120,14
LF:65
LH:21
BRDA:27,0,0,0
BRDA:27,0,1,0
BRDA:36,1,0,0
BRDA:36,1,1,0
BRDA:36,2,0,0
BRDA:36,2,1,0
BRDA:41,3,0,0
BRDA:41,3,1,0
BRDA:41,4,0,0
BRDA:41,4,1,0
BRDA:50,5,0,0
BRDA:50,5,1,0
BRDA:54,6,0,0
BRDA:54,6,1,0
BRDA:54,7,0,0
BRDA:54,7,1,0
BRDA:59,8,0,0
BRDA:59,8,1,0
BRDA:59,9,0,0
BRDA:59,9,1,0
BRDA:68,10,0,0
BRDA:68,10,1,0
BRDA:72,11,0,0
BRDA:72,11,1,0
BRDA:72,12,0,0
BRDA:72,12,1,0
BRDA:74,13,0,0
BRDA:74,13,1,0
BRDA:74,14,0,0
BRDA:74,14,1,0
BRDA:79,15,0,0
BRDA:79,15,1,0
BRDA:79,16,0,0
BRDA:79,16,1,0
BRDA:86,17,0,0
BRDA:86,17,1,5
BRDA:86,18,0,5
BRDA:86,18,1,5
BRDA:86,18,2,5
BRF:39
BRH:4
end_of_record
TN:
SF:src/contexts/TokenContext.js
FN:6,TokenProvider
FN:11,(anonymous_1)
FN:24,(anonymous_2)
FNF:3
FNH:3
FNDA:8,TokenProvider
FNDA:5,(anonymous_1)
FNDA:12,(anonymous_2)
DA:4,1
DA:7,8
DA:8,8
DA:9,8
DA:11,8
DA:12,5
DA:13,2
DA:17,8
DA:24,12
LF:9
LH:9
BRDA:12,0,0,2
BRDA:12,0,1,3
BRDA:12,1,0,5
BRDA:12,1,1,4
BRF:4
BRH:4
end_of_record
TN:
SF:src/pages/AllTodos.jsx
FN:8,AllTodos
FN:28,(anonymous_1)
FNF:2
FNH:0
FNDA:0,AllTodos
FNDA:0,(anonymous_1)
DA:9,0
DA:10,0
DA:12,0
DA:29,0
LF:4
LH:0
BRDA:15,0,0,0
BRDA:15,0,1,0
BRDA:22,1,0,0
BRDA:22,1,1,0
BRF:4
BRH:0
end_of_record
TN:
SF:src/pages/Home.jsx
FN:10,Home
FN:33,(anonymous_1)
FNF:2
FNH:2
FNDA:12,Home
FNDA:12,(anonymous_1)
DA:11,12
DA:12,12
DA:14,12
DA:34,12
LF:4
LH:4
BRDA:17,0,0,2
BRDA:17,0,1,10
BRDA:24,1,0,7
BRDA:24,1,1,3
BRDA:28,2,0,2
BRDA:28,2,1,1
BRF:6
BRH:6
end_of_record
TN:
SF:src/pages/Login.jsx
FN:7,Login
FN:12,(anonymous_1)
FN:17,(anonymous_2)
FNF:3
FNH:3
FNDA:8,Login
FNDA:4,(anonymous_1)
FNDA:1,(anonymous_2)
DA:8,8
DA:9,8
DA:10,8
DA:12,8
DA:13,4
DA:14,4
DA:17,8
DA:18,1
DA:19,1
DA:20,1
DA:24,0
DA:26,1
DA:30,8
LF:13
LH:12
BRDA:56,0,0,8
BRDA:56,0,1,1
BRDA:61,1,0,8
BRDA:61,1,1,0
BRF:4
BRH:3
end_of_record
TN:
SF:src/pages/Register.jsx
FN:7,Register
FN:12,(anonymous_1)
FN:17,(anonymous_2)
FNF:3
FNH:3
FNDA:8,Register
FNDA:4,(anonymous_1)
FNDA:1,(anonymous_2)
DA:8,8
DA:9,8
DA:10,8
DA:12,8
DA:13,4
DA:14,4
DA:17,8
DA:18,1
DA:19,1
DA:20,1
DA:21,0
DA:22,0
DA:24,1
DA:28,8
LF:14
LH:12
BRDA:63,0,0,8
BRDA:63,0,1,1
BRDA:69,1,0,8
BRDA:69,1,1,0
BRDA:70,2,0,8
BRDA:70,2,1,0
BRF:6
BRH:4
end_of_record
TN:
SF:src/pages/TodoByName.jsx
FN:9,TodoByName
FN:15,(anonymous_1)
FN:20,(anonymous_2)
FN:58,(anonymous_3)
FNF:4
FNH:0
FNDA:0,TodoByName
FNDA:0,(anonymous_1)
FNDA:0,(anonymous_2)
FNDA:0,(anonymous_3)
DA:10,0
DA:11,0
DA:12,0
DA:13,0
DA:15,0
DA:16,0
DA:17,0
DA:20,0
DA:21,0
DA:22,0
DA:25,0
DA:28,0
DA:59,0
LF:13
LH:0
BRDA:46,0,0,0
BRDA:46,0,1,0
BRDA:53,1,0,0
BRDA:53,1,1,0
BRDA:55,2,0,0
BRDA:55,2,1,0
BRF:6
BRH:0
end_of_record
